
  .   ____          _            __ _ _
 /\\ / ___'_ __ _ _(_)_ __  __ _ \ \ \ \
( ( )\___ | '_ | '_| | '_ \/ _` | \ \ \ \
 \\/  ___)| |_)| | | | | || (_| |  ) ) ) )
  '  |____| .__|_| |_|_| |_\__, | / / / /
 =========|_|==============|___/=/_/_/_/
 :: Spring Boot ::                (v2.7.0)

2022-09-24 02:03:06.340  INFO 104404 --- [           main] com.example.demo.DemoApplication         : Starting DemoApplication v0.0.1-SNAPSHOT using Java 11.0.16 on darkan with PID 104404 (/home/laykon/github_workspace/DevsHub-Backup/Devshub-1.0.0/demo/target/demo-0.0.1-SNAPSHOT.jar started by laykon in /home/laykon/github_workspace/DevsHub-Backup/Devshub-1.0.0/demo)
2022-09-24 02:03:06.351  INFO 104404 --- [           main] com.example.demo.DemoApplication         : No active profile set, falling back to 1 default profile: "default"
2022-09-24 02:03:11.136  INFO 104404 --- [           main] trationDelegate$BeanPostProcessorChecker : Bean 'org.springframework.ws.config.annotation.DelegatingWsConfiguration' of type [org.springframework.ws.config.annotation.DelegatingWsConfiguration$$EnhancerBySpringCGLIB$$e938bd86] is not eligible for getting processed by all BeanPostProcessors (for example: not eligible for auto-proxying)
2022-09-24 02:03:11.346  INFO 104404 --- [           main] .w.s.a.s.AnnotationActionEndpointMapping : Supporting [WS-Addressing August 2004, WS-Addressing 1.0]
2022-09-24 02:03:12.726  INFO 104404 --- [           main] o.s.b.w.embedded.tomcat.TomcatWebServer  : Tomcat initialized with port(s): 8443 (https) 8080 (http)
2022-09-24 02:03:12.775  INFO 104404 --- [           main] o.apache.catalina.core.StandardService   : Starting service [Tomcat]
2022-09-24 02:03:12.775  INFO 104404 --- [           main] org.apache.catalina.core.StandardEngine  : Starting Servlet engine: [Apache Tomcat/9.0.63]
2022-09-24 02:03:13.002  INFO 104404 --- [           main] o.a.c.c.C.[Tomcat].[localhost].[/]       : Initializing Spring embedded WebApplicationContext
2022-09-24 02:03:13.003  INFO 104404 --- [           main] w.s.c.ServletWebServerApplicationContext : Root WebApplicationContext: initialization completed in 6432 ms
2022-09-24 02:03:14.705  WARN 104404 --- [           main] .s.s.UserDetailsServiceAutoConfiguration : 

Using generated security password: c632c61c-275e-45db-ae8a-a9e8a4afd6fe

This generated password is for development use only. Your security configuration must be updated before running your application in production.

2022-09-24 02:03:15.437  INFO 104404 --- [           main] o.s.s.w.a.c.ChannelProcessingFilter      : Validated configuration attributes
2022-09-24 02:03:15.636  INFO 104404 --- [           main] o.s.s.web.DefaultSecurityFilterChain     : Will secure any request with [org.springframework.security.web.session.DisableEncodeUrlFilter@6cea706c, org.springframework.security.web.access.channel.ChannelProcessingFilter@372ea2bc, org.springframework.security.web.context.request.async.WebAsyncManagerIntegrationFilter@3bd7f8dc, org.springframework.security.web.context.SecurityContextPersistenceFilter@1bdf8190, org.springframework.security.web.header.HeaderWriterFilter@290b1b2e, org.springframework.security.web.csrf.CsrfFilter@71104a4, org.springframework.security.web.authentication.logout.LogoutFilter@76a82f33, org.springframework.security.web.savedrequest.RequestCacheAwareFilter@c65a5ef, org.springframework.security.web.servletapi.SecurityContextHolderAwareRequestFilter@6b5176f2, org.springframework.security.web.authentication.AnonymousAuthenticationFilter@2f2bf0e2, org.springframework.security.web.session.SessionManagementFilter@209775a9, org.springframework.security.web.access.ExceptionTranslationFilter@72e34f77, org.springframework.security.web.access.intercept.FilterSecurityInterceptor@53499d85]
2022-09-24 02:03:21.309  INFO 104404 --- [           main] o.s.b.w.embedded.tomcat.TomcatWebServer  : Tomcat started on port(s): 8443 (https) 8080 (http) with context path ''
2022-09-24 02:03:21.519  WARN 104404 --- [           main] o.apache.activemq.broker.BrokerService   : Memory Usage for the Broker (1024mb) is more than the maximum available for the JVM: 952 mb - resetting to 70% of maximum available: 666
2022-09-24 02:03:21.855  INFO 104404 --- [           main] o.apache.activemq.broker.BrokerService   : Using Persistence Adapter: MemoryPersistenceAdapter
2022-09-24 02:03:22.264  INFO 104404 --- [           main] o.apache.activemq.broker.BrokerService   : Apache ActiveMQ 5.16.5 (localhost, ID:darkan-37515-1663985001919-0:1) is starting
2022-09-24 02:03:22.293  INFO 104404 --- [           main] o.apache.activemq.broker.BrokerService   : Apache ActiveMQ 5.16.5 (localhost, ID:darkan-37515-1663985001919-0:1) started
2022-09-24 02:03:22.294  INFO 104404 --- [           main] o.apache.activemq.broker.BrokerService   : For help or more information please see: http://activemq.apache.org
2022-09-24 02:03:22.485  INFO 104404 --- [           main] o.a.activemq.broker.TransportConnector   : Connector vm://localhost started
2022-09-24 02:03:22.771  INFO 104404 --- [           main] com.example.demo.DemoApplication         : Started DemoApplication in 18.848 seconds (JVM running for 20.863)
2022-09-24 02:03:27.054  INFO 104404 --- [nio-8443-exec-3] o.a.c.c.C.[Tomcat].[localhost].[/]       : Initializing Spring DispatcherServlet 'dispatcherServlet'
2022-09-24 02:03:27.055  INFO 104404 --- [nio-8443-exec-3] o.s.web.servlet.DispatcherServlet        : Initializing Servlet 'dispatcherServlet'
2022-09-24 02:03:27.060  INFO 104404 --- [nio-8443-exec-3] o.s.web.servlet.DispatcherServlet        : Completed initialization in 4 ms
admin<-->null
jack<-->null
mthornton@ait.ie<-->null
Error creating bean with name 'scopedTarget.member': Unsatisfied dependency expressed through field 'education'; nested exception is org.springframework.beans.factory.NoSuchBeanDefinitionException: No qualifying bean of type 'java.util.ArrayList<com.test.devshub.Education>' available: expected at least 1 bean which qualifies as autowire candidate. Dependency annotations: {@org.springframework.beans.factory.annotation.Autowired(required=true)}
Current size is: 1 and old size is: 1 
Current size is: 1 and old size is: 1 
j

Current size is: 1 and old size is: 1 
Current size is: 1 and old size is: 1 
p

Current size is: 1 and old size is: 1 
Current size is: 1 and old size is: 1 
admin,1
admin,1
Current size is: 1 and old size is: 1 
Current size is: 1 and old size is: 1 
